<?xml version="1.0" encoding="UTF-8"?>
<testng-results ignored="0" total="1" passed="1" failed="0" skipped="0">
  <reporter-output>
    <line>
      <![CDATA[News, Breaking News, Latest News, News Headlines, Live News, Today News CNN-News18]]>
    </line>
  </reporter-output>
  <suite started-at="2023-09-04T15:34:47 IST" name="Suite" finished-at="2023-09-04T15:34:50 IST" duration-ms="3159">
    <groups>
    </groups>
    <test started-at="2023-09-04T15:34:47 IST" name="Test" finished-at="2023-09-04T15:34:50 IST" duration-ms="3159">
      <class name="login.log01_Test">
        <test-method signature="launch()[pri:0, instance:login.log01_Test@131774fe]" started-at="2023-09-04T15:34:47 IST" name="launch" finished-at="2023-09-04T15:34:50 IST" duration-ms="3131" status="PASS">
          <reporter-output>
            <line>
              <![CDATA[News, Breaking News, Latest News, News Headlines, Live News, Today News CNN-News18]]>
            </line>
          </reporter-output>
        </test-method> <!-- launch -->
      </class> <!-- login.log01_Test -->
    </test> <!-- Test -->
  </suite> <!-- Suite -->
</testng-results>
